--------------------------------------------------
----- Marvellous Platform Surviellance System ----
Log created at : Wed Feb 11 23:56:05 2026
--------------------------------------------------

------------------ System Report -----------------
CPU Usage : 2.4 %
--------------------------------------------------
RAM Usage : 83.3 %
--------------------------------------------------
Disk Usage Report
C:\ -> 56.8 %
--------------------------------------------------
Network Usage Report
Sent : 83.85 MB
Received : 684.75 MB
--------------------------------------------------
------------------------------------------------------------------------------------------------------------------------------------

PID   NAME                                USERNAME                  STATUS     CREATE TIME               CPU PERCENT MEMORY PERCENT  THREADS RUNNING      OPEN FILES      RSS             VMS             

--------------------------------------------------------------------------------------------------------------------------------------------------------------------------------------------------------

0     System Idle Process                 NT AUTHORITY\SYSTEM       running    1970-01-01 05:30:00       639.50     0.00            16                   0               0.01 MB         0.06 MB         

4     System                              NT AUTHORITY\SYSTEM       running    1970-01-01 05:30:00       0.00       0.07            266                  0               5.92 MB         0.06 MB         

1196  RuntimeBroker.exe                   DESKTOP-58THKLT\Devarshi  running    2026-02-11 20:59:03       0.00       0.48            7                    10              38.34 MB        10.18 MB        

1712  LockApp.exe                         DESKTOP-58THKLT\Devarshi  stopped    2026-02-11 20:59:09       0.00       0.81            12                   8               65.01 MB        19.86 MB        

2224  CrossDeviceService.exe              DESKTOP-58THKLT\Devarshi  running    2026-02-11 20:59:31       0.00       1.13            15                   162             90.84 MB        32.62 MB        

2636  OpenConsole.exe                     DESKTOP-58THKLT\Devarshi  running    2026-02-11 21:23:56       0.00       0.13            3                    1               10.84 MB        2.36 MB         

2864  StartMenuExperienceHost.exe         DESKTOP-58THKLT\Devarshi  running    2026-02-11 20:59:03       0.00       1.29            12                   18              103.92 MB       53.63 MB        

3320  SystemSettings.exe                  DESKTOP-58THKLT\Devarshi  stopped    2026-02-11 21:00:27       0.00       0.04            50                   21              3.32 MB         171.09 MB       

3440  WhatsApp.Root.exe                   DESKTOP-58THKLT\Devarshi  running    2026-02-11 20:59:41       0.00       1.54            33                   115             123.70 MB       63.72 MB        

3668  msedge.exe                          DESKTOP-58THKLT\Devarshi  running    2026-02-11 21:18:14       0.00       0.72            21                   22              58.13 MB        38.56 MB        

3728  pet.exe                             DESKTOP-58THKLT\Devarshi  running    2026-02-11 21:24:24       0.00       0.14            1                    6               11.20 MB        3.29 MB         

3888  RuntimeBroker.exe                   DESKTOP-58THKLT\Devarshi  running    2026-02-11 20:59:43       0.00       0.13            2                    1               10.58 MB        2.14 MB         

4112  CodeSetup-stable-591199df409fbf59b4b52d5ad4ee0470152a9b31.tmp DESKTOP-58THKLT\Devarshi  running    2026-02-11 22:02:06       0.00       0.42            1                    9               33.75 MB        26.19 MB        

4140  chrome.exe                          DESKTOP-58THKLT\Devarshi  running    2026-02-11 21:01:04       0.00       0.64            17                   22              51.33 MB        25.18 MB        

4880  GitHubDesktop.exe                   DESKTOP-58THKLT\Devarshi  running    2026-02-11 21:23:06       0.00       1.08            43                   43              86.78 MB        77.45 MB        

5444  chrome.exe                          DESKTOP-58THKLT\Devarshi  running    2026-02-11 21:29:01       0.00       3.69            23                   61              297.72 MB       264.95 MB       

5840  chrome.exe                          DESKTOP-58THKLT\Devarshi  running    2026-02-11 21:01:02       0.00       3.00            45                   178             241.75 MB       130.43 MB       

6020  PanGPA.exe                          DESKTOP-58THKLT\Devarshi  running    2026-02-11 20:59:21       0.00       0.56            5                    13              45.29 MB        9.58 MB         

6716  msedge.exe                          DESKTOP-58THKLT\Devarshi  running    2026-02-11 21:11:59       0.00       0.03            20                   21              2.18 MB         22.09 MB        

6908  powershell.exe                      DESKTOP-58THKLT\Devarshi  running    2026-02-11 21:35:58       0.00       1.00            9                    8               80.50 MB        56.53 MB        

6972  msedge.exe                          DESKTOP-58THKLT\Devarshi  running    2026-02-11 21:11:59       0.60       1.36            20                   33              109.98 MB       81.73 MB        

7000  svchost.exe                         DESKTOP-58THKLT\Devarshi  running    2026-02-11 20:59:00       0.00       0.40            7                    13              32.54 MB        11.94 MB        

7136  chrome.exe                          DESKTOP-58THKLT\Devarshi  running    2026-02-11 23:44:38       0.00       0.62            18                   22              49.82 MB        19.18 MB        

7148  chrome.exe                          DESKTOP-58THKLT\Devarshi  running    2026-02-11 23:44:33       0.00       0.78            18                   22              62.73 MB        23.72 MB        

7180  Code.exe                            DESKTOP-58THKLT\Devarshi  running    2026-02-11 21:24:17       0.00       1.69            53                   61              136.25 MB       127.05 MB       

7220  ApplicationFrameHost.exe            DESKTOP-58THKLT\Devarshi  running    2026-02-11 21:00:27       0.00       0.34            3                    6               27.54 MB        9.66 MB         

7452  msedgewebview2.exe                  DESKTOP-58THKLT\Devarshi  running    2026-02-11 20:59:45       0.00       0.19            16                   4               15.40 MB        26.12 MB        

7460  svchost.exe                         DESKTOP-58THKLT\Devarshi  running    2026-02-11 20:59:04       0.00       0.21            1                    7               16.79 MB        3.28 MB         

7476  DataExchangeHost.exe                DESKTOP-58THKLT\Devarshi  running    2026-02-11 21:20:02       0.00       0.30            4                    5               23.82 MB        7.39 MB         

7508  svchost.exe                         DESKTOP-58THKLT\Devarshi  running    2026-02-11 20:59:02       0.00       0.37            9                    8               29.94 MB        7.89 MB         

7728  WidgetService.exe                   DESKTOP-58THKLT\Devarshi  running    2026-02-11 20:59:05       0.00       0.25            4                    10              20.21 MB        4.61 MB         

7832  GitHubDesktop.exe                   DESKTOP-58THKLT\Devarshi  running    2026-02-11 21:23:07       0.00       1.49            26                   38              119.71 MB       102.15 MB       

7848  RuntimeBroker.exe                   DESKTOP-58THKLT\Devarshi  running    2026-02-11 20:59:03       0.00       0.68            16                   14              54.66 MB        17.62 MB        

7876  Code.exe                            DESKTOP-58THKLT\Devarshi  running    2026-02-11 21:24:25       0.00       1.23            27                   10              99.48 MB        110.52 MB       

8316  RuntimeBroker.exe                   DESKTOP-58THKLT\Devarshi  running    2026-02-11 21:12:59       0.00       0.24            1                    3               18.98 MB        7.39 MB         

8392  RuntimeBroker.exe                   DESKTOP-58THKLT\Devarshi  running    2026-02-11 20:59:09       0.00       0.46            39                   9               36.96 MB        12.11 MB        

8420  chrome.exe                          DESKTOP-58THKLT\Devarshi  running    2026-02-11 21:54:26       0.00       0.52            19                   22              42.01 MB        19.51 MB        

8572  chrome.exe                          DESKTOP-58THKLT\Devarshi  running    2026-02-11 23:45:25       0.00       0.61            20                   22              49.32 MB        22.38 MB        

8592  chrome.exe                          DESKTOP-58THKLT\Devarshi  running    2026-02-11 21:02:23       0.00       0.41            10                   11              32.80 MB        19.81 MB        

8672  FortiTray.exe                       DESKTOP-58THKLT\Devarshi  running    2026-02-11 20:59:03       0.00       0.24            58                   5               19.20 MB        9.05 MB         

9056  svchost.exe                         DESKTOP-58THKLT\Devarshi  running    2026-02-11 20:59:00       0.00       0.44            3                    12              35.16 MB        8.87 MB         

9260  msedge.exe                          DESKTOP-58THKLT\Devarshi  running    2026-02-11 21:11:59       0.00       0.13            20                   21              10.24 MB        24.38 MB        

9836  svchost.exe                         DESKTOP-58THKLT\Devarshi  running    2026-02-11 20:59:00       0.00       0.08            2                    1               6.30 MB         1.23 MB         

9860  chrome.exe                          DESKTOP-58THKLT\Devarshi  running    2026-02-11 21:01:03       0.00       0.10            8                    1               8.24 MB         6.67 MB         

9892  GitHubDesktop.exe                   DESKTOP-58THKLT\Devarshi  running    2026-02-11 21:23:07       0.00       0.88            17                   5               70.80 MB        43.53 MB        

10364 RuntimeBroker.exe                   DESKTOP-58THKLT\Devarshi  running    2026-02-11 20:59:33       0.00       0.14            1                    1               11.05 MB        2.20 MB         

10488 Widgets.exe                         DESKTOP-58THKLT\Devarshi  running    2026-02-11 20:59:04       0.00       0.48            8                    14              38.52 MB        9.03 MB         

10564 Code.exe                            DESKTOP-58THKLT\Devarshi  running    2026-02-11 21:24:27       9.00       6.32            20                   15              508.95 MB       726.54 MB       

10600 msedge.exe                          DESKTOP-58THKLT\Devarshi  running    2026-02-11 21:12:03       0.00       0.15            15                   21              11.79 MB        21.72 MB        

10884 conhost.exe                         DESKTOP-58THKLT\Devarshi  running    2026-02-11 21:35:58       0.00       0.08            5                    1               6.76 MB         1.37 MB         

11020 msedge.exe                          DESKTOP-58THKLT\Devarshi  running    2026-02-11 21:12:03       0.00       0.15            15                   21              11.75 MB        22.72 MB        

11056 AnyDesk.exe                         DESKTOP-58THKLT\Devarshi  running    2026-02-11 20:59:42       0.00       0.41            9                    4               32.75 MB        29.43 MB        

11116 chrome.exe                          DESKTOP-58THKLT\Devarshi  running    2026-02-11 23:43:46       0.00       0.58            18                   22              46.65 MB        20.16 MB        

11220 msedge.exe                          DESKTOP-58THKLT\Devarshi  running    2026-02-11 21:11:58       0.00       0.52            20                   20              41.80 MB        16.97 MB        

11256 conhost.exe                         DESKTOP-58THKLT\Devarshi  running    2026-02-11 21:23:56       0.00       0.10            2                    2               8.18 MB         1.30 MB         

11596 msedgewebview2.exe                  DESKTOP-58THKLT\Devarshi  running    2026-02-11 20:59:44       0.00       0.91            48                   124             72.96 MB        46.50 MB        

11712 crashpad_handler.exe                DESKTOP-58THKLT\Devarshi  running    2026-02-11 21:00:27       0.00       0.08            6                    0               6.05 MB         1.36 MB         

11844 chrome.exe                          DESKTOP-58THKLT\Devarshi  running    2026-02-11 21:01:03       0.00       2.29            19                   5               184.29 MB       188.37 MB       

11928 RtkAudUService64.exe                DESKTOP-58THKLT\Devarshi  running    2026-02-11 20:59:21       0.00       0.12            7                    1               9.91 MB         2.23 MB         

12012 msedgewebview2.exe                  DESKTOP-58THKLT\Devarshi  running    2026-02-11 20:59:45       0.00       0.13            7                    1               10.11 MB        2.29 MB         

12072 chrome.exe                          DESKTOP-58THKLT\Devarshi  running    2026-02-11 21:18:50       0.00       1.81            20                   60              146.21 MB       114.93 MB       

12176 TextInputHost.exe                   DESKTOP-58THKLT\Devarshi  running    2026-02-11 20:59:13       0.00       1.76            45                   40              142.20 MB       118.10 MB       

12184 svchost.exe                         DESKTOP-58THKLT\Devarshi  running    2026-02-11 21:00:29       0.00       0.12            2                    2               9.33 MB         1.65 MB         

12248 chrome.exe                          DESKTOP-58THKLT\Devarshi  running    2026-02-11 23:45:35       0.00       1.05            21                   46              84.33 MB        35.83 MB        

12324 SynTPEnh.exe                        DESKTOP-58THKLT\Devarshi  running    2026-02-11 20:58:59       0.00       0.25            7                    1               20.35 MB        6.25 MB         

12456 RuntimeBroker.exe                   DESKTOP-58THKLT\Devarshi  running    2026-02-11 21:04:06       0.00       0.18            2                    3               14.44 MB        2.46 MB         

12484 msedge.exe                          DESKTOP-58THKLT\Devarshi  running    2026-02-11 21:12:03       0.00       0.69            21                   22              55.87 MB        52.64 MB        

12556 dllhost.exe                         DESKTOP-58THKLT\Devarshi  running    2026-02-11 21:00:50       0.00       0.11            2                    1               8.61 MB         1.52 MB         

12592 taskhostw.exe                       DESKTOP-58THKLT\Devarshi  running    2026-02-11 20:59:00       0.00       0.25            8                    12              20.49 MB        8.04 MB         

12608 dllhost.exe                         DESKTOP-58THKLT\Devarshi  running    2026-02-11 20:59:07       0.00       0.19            7                    10              15.62 MB        5.90 MB         

12944 RuntimeBroker.exe                   DESKTOP-58THKLT\Devarshi  running    2026-02-11 20:59:40       0.00       0.20            1                    1               16.07 MB        2.79 MB         

13004 msedgewebview2.exe                  DESKTOP-58THKLT\Devarshi  running    2026-02-11 20:59:45       0.00       0.12            10                   12              9.91 MB         8.75 MB         

13216 svchost.exe                         DESKTOP-58THKLT\Devarshi  running    2026-02-11 21:01:00       0.00       0.27            3                    7               21.41 MB        5.34 MB         

13240 msedge.exe                          DESKTOP-58THKLT\Devarshi  running    2026-02-11 21:11:58       0.00       0.25            10                   17              19.84 MB        8.77 MB         

13420 chrome.exe                          DESKTOP-58THKLT\Devarshi  running    2026-02-11 21:02:23       0.40       0.27            11                   8               21.47 MB        13.17 MB        

13824 SecurityHealthSystray.exe           DESKTOP-58THKLT\Devarshi  running    2026-02-11 20:59:18       0.00       0.13            1                    2               10.27 MB        1.90 MB         

13940 msedge.exe                          DESKTOP-58THKLT\Devarshi  running    2026-02-11 21:12:04       0.00       0.69            29                   22              55.71 MB        45.06 MB        

13984 msedge.exe                          DESKTOP-58THKLT\Devarshi  running    2026-02-11 21:11:59       0.00       0.13            15                   21              10.67 MB        21.84 MB        

13988 msedge.exe                          DESKTOP-58THKLT\Devarshi  running    2026-02-11 21:12:06       0.00       0.15            15                   21              11.79 MB        21.75 MB        

14196 msedgewebview2.exe                  DESKTOP-58THKLT\Devarshi  running    2026-02-11 20:59:45       0.00       0.33            20                   20              26.39 MB        12.77 MB        

14200 OneDrive.Sync.Service.exe           DESKTOP-58THKLT\Devarshi  running    2026-02-11 20:59:27       0.00       0.54            17                   20              43.68 MB        41.18 MB        

14272 msedge.exe                          DESKTOP-58THKLT\Devarshi  running    2026-02-11 21:18:14       0.00       0.34            15                   8               27.68 MB        18.96 MB        

14316 powershell.exe                      DESKTOP-58THKLT\Devarshi  running    2026-02-11 21:24:26       0.00       0.92            9                    6               74.18 MB        55.37 MB        

14604 chrome.exe                          DESKTOP-58THKLT\Devarshi  running    2026-02-11 21:18:55       0.00       0.62            19                   22              49.64 MB        24.51 MB        

14744 ShellExperienceHost.exe             DESKTOP-58THKLT\Devarshi  stopped    2026-02-11 21:04:06       0.00       0.44            20                   7               35.62 MB        18.84 MB        

14952 chrome.exe                          DESKTOP-58THKLT\Devarshi  running    2026-02-11 23:44:38       0.00       0.66            18                   22              53.09 MB        21.69 MB        

15028 jucheck.exe                         DESKTOP-58THKLT\Devarshi  running    2026-02-11 21:04:44       0.00       0.20            5                    7               16.30 MB        3.27 MB         

15184 UserOOBEBroker.exe                  DESKTOP-58THKLT\Devarshi  running    2026-02-11 21:00:30       0.00       0.11            1                    3               9.06 MB         2.06 MB         

15304 SearchHost.exe                      DESKTOP-58THKLT\Devarshi  stopped    2026-02-11 20:59:03       0.00       1.15            67                   33              92.49 MB        130.50 MB       

15452 msedge.exe                          DESKTOP-58THKLT\Devarshi  running    2026-02-11 21:12:07       0.00       0.70            29                   22              56.47 MB        44.92 MB        

15504 svchost.exe                         DESKTOP-58THKLT\Devarshi  running    2026-02-11 20:59:10       0.00       0.13            1                    2               10.76 MB        2.00 MB         

15696 jusched.exe                         DESKTOP-58THKLT\Devarshi  running    2026-02-11 20:59:43       0.00       0.24            2                    8               19.60 MB        3.07 MB         

15944 conhost.exe                         DESKTOP-58THKLT\Devarshi  running    2026-02-11 21:24:25       0.00       0.08            5                    1               6.40 MB         1.24 MB         

15996 explorer.exe                        DESKTOP-58THKLT\Devarshi  running    2026-02-11 20:59:01       0.10       2.82            82                   66              227.19 MB       153.21 MB       

16000 GitHubDesktop.exe                   DESKTOP-58THKLT\Devarshi  running    2026-02-11 21:23:07       0.00       0.61            19                   16              49.30 MB        13.59 MB        

16304 igfxEM.exe                          DESKTOP-58THKLT\Devarshi  running    2026-02-11 20:59:00       0.00       0.29            6                    5               23.03 MB        6.10 MB         

16416 msedge.exe                          DESKTOP-58THKLT\Devarshi  running    2026-02-11 21:11:58       0.00       0.13            7                    1               10.12 MB        2.29 MB         

16584 Code.exe                            DESKTOP-58THKLT\Devarshi  running    2026-02-11 21:24:18       0.00       0.39            7                    2               31.28 MB        10.44 MB        

16664 LocationNotificationWindows.exe     DESKTOP-58THKLT\Devarshi  running    2026-02-11 20:59:14       0.00       0.08            1                    3               6.50 MB         1.85 MB         

16776 svchost.exe                         DESKTOP-58THKLT\Devarshi  running    2026-02-11 21:11:56       0.00       0.12            1                    2               9.47 MB         1.69 MB         

17020 msedge.exe                          DESKTOP-58THKLT\Devarshi  running    2026-02-11 21:12:00       0.00       0.90            21                   22              72.13 MB        47.51 MB        

17272 YourPhoneAppProxy.exe               DESKTOP-58THKLT\Devarshi  running    2026-02-11 20:59:39       0.00       0.83            11                   76              66.68 MB        33.12 MB        

17384 chrome.exe                          DESKTOP-58THKLT\Devarshi  running    2026-02-11 23:43:49       0.00       2.02            19                   46              162.86 MB       91.90 MB        

17480 msedge.exe                          DESKTOP-58THKLT\Devarshi  running    2026-02-11 21:12:59       0.00       0.30            9                    7               24.23 MB        9.55 MB         

17492 msedge.exe                          DESKTOP-58THKLT\Devarshi  running    2026-02-11 21:12:00       0.00       0.70            21                   22              56.55 MB        45.34 MB        

17544 conhost.exe                         DESKTOP-58THKLT\Devarshi  running    2026-02-11 21:24:24       0.00       0.08            2                    1               6.39 MB         5.27 MB         

17740 chrome.exe                          DESKTOP-58THKLT\Devarshi  running    2026-02-11 23:44:33       0.00       0.60            16                   22              48.13 MB        18.24 MB        

17888 msedgewebview2.exe                  DESKTOP-58THKLT\Devarshi  running    2026-02-11 20:59:47       0.00       1.18            22                   33              94.82 MB        90.03 MB        

18048 chrome.exe                          DESKTOP-58THKLT\Devarshi  running    2026-02-11 21:01:03       0.10       0.80            21                   22              64.55 MB        37.90 MB        

18068 nearby_share.exe                    DESKTOP-58THKLT\Devarshi  running    2026-02-11 21:00:27       0.00       0.74            141                  15              59.91 MB        89.06 MB        

18156 msedge.exe                          DESKTOP-58THKLT\Devarshi  running    2026-02-11 21:11:58       0.00       2.30            58                   144             185.23 MB       95.43 MB        

18172 chrome.exe                          DESKTOP-58THKLT\Devarshi  running    2026-02-11 21:03:28       0.00       0.98            33                   22              78.77 MB        684.33 MB       

18236 sihost.exe                          DESKTOP-58THKLT\Devarshi  running    2026-02-11 20:59:00       0.00       0.42            12                   2               33.93 MB        6.93 MB         

18304 chrome.exe                          DESKTOP-58THKLT\Devarshi  running    2026-02-11 21:01:03       0.00       0.24            11                   19              19.12 MB        11.26 MB        

18324 msedge.exe                          DESKTOP-58THKLT\Devarshi  running    2026-02-11 21:11:58       0.20       0.95            20                   4               76.42 MB        80.18 MB        

18356 PhoneExperienceHost.exe             DESKTOP-58THKLT\Devarshi  running    2026-02-11 20:59:36       0.00       1.10            20                   239             88.47 MB        84.23 MB        

18604 Code.exe                            DESKTOP-58THKLT\Devarshi  running    2026-02-11 21:24:19       0.00       1.16            26                   9               93.24 MB        90.66 MB        

18636 Code.exe                            DESKTOP-58THKLT\Devarshi  running    2026-02-11 21:24:19       0.10       1.01            23                   8               81.47 MB        103.99 MB       

18796 Code.exe                            DESKTOP-58THKLT\Devarshi  running    2026-02-11 21:24:18       4.10       4.56            19                   48              367.12 MB       373.68 MB       

18964 Code.exe                            DESKTOP-58THKLT\Devarshi  running    2026-02-11 21:24:18       0.40       1.65            17                   5               133.17 MB       107.57 MB       

19064 Code.exe                            DESKTOP-58THKLT\Devarshi  running    2026-02-11 21:24:20       1.60       3.28            25                   21              264.49 MB       402.63 MB       

19184 Code.exe                            DESKTOP-58THKLT\Devarshi  running    2026-02-11 21:24:18       0.00       0.59            19                   17              47.55 MB        14.37 MB        

19196 chrome.exe                          DESKTOP-58THKLT\Devarshi  running    2026-02-11 23:45:46       0.00       1.03            21                   46              82.71 MB        37.09 MB        

19516 chrome.exe                          DESKTOP-58THKLT\Devarshi  running    2026-02-11 23:45:25       0.00       0.67            20                   22              54.04 MB        20.09 MB        

19708 chrome.exe                          DESKTOP-58THKLT\Devarshi  running    2026-02-11 21:51:45       0.00       2.48            21                   42              199.96 MB       137.75 MB       

19768 chrome.exe                          DESKTOP-58THKLT\Devarshi  running    2026-02-11 23:45:25       0.00       0.61            20                   22              49.05 MB        21.29 MB        

19868 CodeSetup-stable-591199df409fbf59b4b52d5ad4ee0470152a9b31.exe DESKTOP-58THKLT\Devarshi  running    2026-02-11 22:02:06       0.00       0.11            1                    19              9.00 MB         7.14 MB         

20452 chrome.exe                          DESKTOP-58THKLT\Devarshi  running    2026-02-11 23:44:38       0.00       0.58            18                   22              47.10 MB        19.71 MB        

20460 chrome.exe                          DESKTOP-58THKLT\Devarshi  running    2026-02-11 23:45:25       0.00       0.57            20                   22              46.31 MB        18.60 MB        

20660 chrome.exe                          DESKTOP-58THKLT\Devarshi  running    2026-02-11 23:44:33       0.00       0.82            20                   22              66.30 MB        32.73 MB        

20784 python3.13.exe                      DESKTOP-58THKLT\Devarshi  running    2026-02-11 23:40:18       53.50      0.31            3                    3               25.27 MB        12.90 MB        

21272 chrome.exe                          DESKTOP-58THKLT\Devarshi  running    2026-02-11 23:46:38       0.00       0.36            13                   9               29.24 MB        15.68 MB        

21384 chrome.exe                          DESKTOP-58THKLT\Devarshi  running    2026-02-11 21:54:23       0.00       1.32            21                   34              106.09 MB       62.80 MB        

--------------------------------------------------------------------------------------------------------------------------------------------------------------------------------------------------------

SUMMARY
--------------------------------------------------------------------------------------------------------------------------------------------------------------------------------------------------------

TOTAL PROCESSES : 133
--------------------------------------------------------------------------------------------------------------------------------------------------------------------------------------------------------

TOP 10 CPU CONSUMING PROCESS
--------------------------------------------------------------------------------------------------------------------------------------------------------------------------------------------------------

0     System Idle Process                 NT AUTHORITY\SYSTEM       running    1970-01-01 05:30:00       639.50     0.00            16                   0               0.01 MB         0.06 MB         

20784 python3.13.exe                      DESKTOP-58THKLT\Devarshi  running    2026-02-11 23:40:18       53.50      0.31            3                    3               25.27 MB        12.90 MB        

10564 Code.exe                            DESKTOP-58THKLT\Devarshi  running    2026-02-11 21:24:27       9.00       6.32            20                   15              508.95 MB       726.54 MB       

18796 Code.exe                            DESKTOP-58THKLT\Devarshi  running    2026-02-11 21:24:18       4.10       4.56            19                   48              367.12 MB       373.68 MB       

19064 Code.exe                            DESKTOP-58THKLT\Devarshi  running    2026-02-11 21:24:20       1.60       3.28            25                   21              264.49 MB       402.63 MB       

6972  msedge.exe                          DESKTOP-58THKLT\Devarshi  running    2026-02-11 21:11:59       0.60       1.36            20                   33              109.98 MB       81.73 MB        

13420 chrome.exe                          DESKTOP-58THKLT\Devarshi  running    2026-02-11 21:02:23       0.40       0.27            11                   8               21.47 MB        13.17 MB        

18964 Code.exe                            DESKTOP-58THKLT\Devarshi  running    2026-02-11 21:24:18       0.40       1.65            17                   5               133.17 MB       107.57 MB       

18324 msedge.exe                          DESKTOP-58THKLT\Devarshi  running    2026-02-11 21:11:58       0.20       0.95            20                   4               76.42 MB        80.18 MB        

15996 explorer.exe                        DESKTOP-58THKLT\Devarshi  running    2026-02-11 20:59:01       0.10       2.82            82                   66              227.19 MB       153.21 MB       

--------------------------------------------------------------------------------------------------------------------------------------------------------------------------------------------------------

TOP 10 MEMORY CONSUMING PROCESS
--------------------------------------------------------------------------------------------------------------------------------------------------------------------------------------------------------

10564 Code.exe                            DESKTOP-58THKLT\Devarshi  running    2026-02-11 21:24:27       9.00       6.32            20                   15              508.95 MB       726.54 MB       

18796 Code.exe                            DESKTOP-58THKLT\Devarshi  running    2026-02-11 21:24:18       4.10       4.56            19                   48              367.12 MB       373.68 MB       

5444  chrome.exe                          DESKTOP-58THKLT\Devarshi  running    2026-02-11 21:29:01       0.00       3.69            23                   61              297.72 MB       264.95 MB       

19064 Code.exe                            DESKTOP-58THKLT\Devarshi  running    2026-02-11 21:24:20       1.60       3.28            25                   21              264.49 MB       402.63 MB       

5840  chrome.exe                          DESKTOP-58THKLT\Devarshi  running    2026-02-11 21:01:02       0.00       3.00            45                   178             241.75 MB       130.43 MB       

15996 explorer.exe                        DESKTOP-58THKLT\Devarshi  running    2026-02-11 20:59:01       0.10       2.82            82                   66              227.19 MB       153.21 MB       

19708 chrome.exe                          DESKTOP-58THKLT\Devarshi  running    2026-02-11 21:51:45       0.00       2.48            21                   42              199.96 MB       137.75 MB       

18156 msedge.exe                          DESKTOP-58THKLT\Devarshi  running    2026-02-11 21:11:58       0.00       2.30            58                   144             185.23 MB       95.43 MB        

11844 chrome.exe                          DESKTOP-58THKLT\Devarshi  running    2026-02-11 21:01:03       0.00       2.29            19                   5               184.29 MB       188.37 MB       

17384 chrome.exe                          DESKTOP-58THKLT\Devarshi  running    2026-02-11 23:43:49       0.00       2.02            19                   46              162.86 MB       91.90 MB        

--------------------------------------------------------------------------------------------------------------------------------------------------------------------------------------------------------

TOP 10 THREAD CONSUMING PROCESS
--------------------------------------------------------------------------------------------------------------------------------------------------------------------------------------------------------

4     System                              NT AUTHORITY\SYSTEM       running    1970-01-01 05:30:00       0.00       0.07            266                  0               5.92 MB         0.06 MB         

18068 nearby_share.exe                    DESKTOP-58THKLT\Devarshi  running    2026-02-11 21:00:27       0.00       0.74            141                  15              59.91 MB        89.06 MB        

15996 explorer.exe                        DESKTOP-58THKLT\Devarshi  running    2026-02-11 20:59:01       0.10       2.82            82                   66              227.19 MB       153.21 MB       

15304 SearchHost.exe                      DESKTOP-58THKLT\Devarshi  stopped    2026-02-11 20:59:03       0.00       1.15            67                   33              92.49 MB        130.50 MB       

18156 msedge.exe                          DESKTOP-58THKLT\Devarshi  running    2026-02-11 21:11:58       0.00       2.30            58                   144             185.23 MB       95.43 MB        

8672  FortiTray.exe                       DESKTOP-58THKLT\Devarshi  running    2026-02-11 20:59:03       0.00       0.24            58                   5               19.20 MB        9.05 MB         

7180  Code.exe                            DESKTOP-58THKLT\Devarshi  running    2026-02-11 21:24:17       0.00       1.69            53                   61              136.25 MB       127.05 MB       

3320  SystemSettings.exe                  DESKTOP-58THKLT\Devarshi  stopped    2026-02-11 21:00:27       0.00       0.04            50                   21              3.32 MB         171.09 MB       

11596 msedgewebview2.exe                  DESKTOP-58THKLT\Devarshi  running    2026-02-11 20:59:44       0.00       0.91            48                   124             72.96 MB        46.50 MB        

5840  chrome.exe                          DESKTOP-58THKLT\Devarshi  running    2026-02-11 21:01:02       0.00       3.00            45                   178             241.75 MB       130.43 MB       

--------------------------------------------------------------------------------------------------------------------------------------------------------------------------------------------------------

TOP 10 OPEN FILES PROCESS
--------------------------------------------------------------------------------------------------------------------------------------------------------------------------------------------------------

18356 PhoneExperienceHost.exe             DESKTOP-58THKLT\Devarshi  running    2026-02-11 20:59:36       0.00       1.10            20                   239             88.47 MB        84.23 MB        

5840  chrome.exe                          DESKTOP-58THKLT\Devarshi  running    2026-02-11 21:01:02       0.00       3.00            45                   178             241.75 MB       130.43 MB       

2224  CrossDeviceService.exe              DESKTOP-58THKLT\Devarshi  running    2026-02-11 20:59:31       0.00       1.13            15                   162             90.84 MB        32.62 MB        

18156 msedge.exe                          DESKTOP-58THKLT\Devarshi  running    2026-02-11 21:11:58       0.00       2.30            58                   144             185.23 MB       95.43 MB        

11596 msedgewebview2.exe                  DESKTOP-58THKLT\Devarshi  running    2026-02-11 20:59:44       0.00       0.91            48                   124             72.96 MB        46.50 MB        

3440  WhatsApp.Root.exe                   DESKTOP-58THKLT\Devarshi  running    2026-02-11 20:59:41       0.00       1.54            33                   115             123.70 MB       63.72 MB        

17272 YourPhoneAppProxy.exe               DESKTOP-58THKLT\Devarshi  running    2026-02-11 20:59:39       0.00       0.83            11                   76              66.68 MB        33.12 MB        

15996 explorer.exe                        DESKTOP-58THKLT\Devarshi  running    2026-02-11 20:59:01       0.10       2.82            82                   66              227.19 MB       153.21 MB       

7180  Code.exe                            DESKTOP-58THKLT\Devarshi  running    2026-02-11 21:24:17       0.00       1.69            53                   61              136.25 MB       127.05 MB       

5444  chrome.exe                          DESKTOP-58THKLT\Devarshi  running    2026-02-11 21:29:01       0.00       3.69            23                   61              297.72 MB       264.95 MB       

--------------------------------------------------------------------------------------------------------------------------------------------------------------------------------------------------------

------------------ End of Log File ---------------
--------------------------------------------------
