--------------------------------------------------
----- Marvellous Platform Surviellance System ----
Log created at : Wed Feb 11 23:45:19 2026
--------------------------------------------------

------------------ System Report -----------------
CPU Usage : 4.1 %
--------------------------------------------------
RAM Usage : 84.3 %
--------------------------------------------------
Disk Usage Report
C:\ -> 56.8 %
--------------------------------------------------
Network Usage Report
Sent : 81.62 MB
Received : 682.57 MB
--------------------------------------------------
------------------------------------------------------------------------------------------------------------------------------------

PID   NAME                                USERNAME                  STATUS     CREATE TIME               CPU PERCENT MEMORY PERCENT  THREADS RUNNING      OPEN FILES      RSS             VMS             

--------------------------------------------------------------------------------------------------------------------------------------------------------------------------------------------------------

0     System Idle Process                 NT AUTHORITY\SYSTEM       running    1970-01-01 05:30:00       676.40     0.00            16                   0               0.01 MB         0.06 MB         

4     System                              NT AUTHORITY\SYSTEM       running    1970-01-01 05:30:00       0.00       0.07            265                  0               5.91 MB         0.06 MB         

1196  RuntimeBroker.exe                   DESKTOP-58THKLT\Devarshi  running    2026-02-11 20:59:03       0.00       0.48            7                    10              38.29 MB        10.14 MB        

1712  LockApp.exe                         DESKTOP-58THKLT\Devarshi  stopped    2026-02-11 20:59:09       0.00       0.81            12                   8               65.01 MB        19.86 MB        

2224  CrossDeviceService.exe              DESKTOP-58THKLT\Devarshi  running    2026-02-11 20:59:31       0.00       1.13            15                   162             90.86 MB        32.62 MB        

2636  OpenConsole.exe                     DESKTOP-58THKLT\Devarshi  running    2026-02-11 21:23:56       0.00       0.13            3                    1               10.84 MB        2.36 MB         

2864  StartMenuExperienceHost.exe         DESKTOP-58THKLT\Devarshi  running    2026-02-11 20:59:03       0.00       1.29            12                   18              103.94 MB       53.62 MB        

3320  SystemSettings.exe                  DESKTOP-58THKLT\Devarshi  stopped    2026-02-11 21:00:27       0.00       0.04            50                   21              3.32 MB         171.09 MB       

3440  WhatsApp.Root.exe                   DESKTOP-58THKLT\Devarshi  running    2026-02-11 20:59:41       0.00       1.53            35                   115             123.55 MB       63.61 MB        

3668  msedge.exe                          DESKTOP-58THKLT\Devarshi  running    2026-02-11 21:18:14       0.00       0.72            21                   22              58.13 MB        38.56 MB        

3728  pet.exe                             DESKTOP-58THKLT\Devarshi  running    2026-02-11 21:24:24       0.00       0.14            1                    6               11.46 MB        3.29 MB         

3888  RuntimeBroker.exe                   DESKTOP-58THKLT\Devarshi  running    2026-02-11 20:59:43       0.00       0.13            2                    1               10.58 MB        2.14 MB         

4112  CodeSetup-stable-591199df409fbf59b4b52d5ad4ee0470152a9b31.tmp DESKTOP-58THKLT\Devarshi  running    2026-02-11 22:02:06       0.00       0.49            1                    9               39.33 MB        26.19 MB        

4140  chrome.exe                          DESKTOP-58THKLT\Devarshi  running    2026-02-11 21:01:04       0.00       0.64            17                   22              51.22 MB        25.18 MB        

4880  GitHubDesktop.exe                   DESKTOP-58THKLT\Devarshi  running    2026-02-11 21:23:06       0.00       1.08            45                   43              86.79 MB        77.50 MB        

5444  chrome.exe                          DESKTOP-58THKLT\Devarshi  running    2026-02-11 21:29:01       0.00       3.62            23                   61              291.59 MB       257.90 MB       

5840  chrome.exe                          DESKTOP-58THKLT\Devarshi  running    2026-02-11 21:01:02       0.00       2.91            46                   178             234.26 MB       124.26 MB       

6020  PanGPA.exe                          DESKTOP-58THKLT\Devarshi  running    2026-02-11 20:59:21       0.00       0.56            5                    13              45.29 MB        9.58 MB         

6716  msedge.exe                          DESKTOP-58THKLT\Devarshi  running    2026-02-11 21:11:59       0.00       0.03            20                   21              2.07 MB         22.09 MB        

6908  powershell.exe                      DESKTOP-58THKLT\Devarshi  running    2026-02-11 21:35:58       0.00       1.01            9                    8               81.32 MB        56.53 MB        

6972  msedge.exe                          DESKTOP-58THKLT\Devarshi  running    2026-02-11 21:11:59       1.00       1.37            20                   33              110.00 MB       81.76 MB        

7000  svchost.exe                         DESKTOP-58THKLT\Devarshi  running    2026-02-11 20:59:00       0.00       0.41            7                    13              32.81 MB        11.94 MB        

7136  chrome.exe                          DESKTOP-58THKLT\Devarshi  running    2026-02-11 23:44:38       0.00       0.58            14                   22              46.72 MB        19.12 MB        

7148  chrome.exe                          DESKTOP-58THKLT\Devarshi  running    2026-02-11 23:44:33       0.00       0.78            18                   22              62.80 MB        24.54 MB        

7180  Code.exe                            DESKTOP-58THKLT\Devarshi  running    2026-02-11 21:24:17       0.00       1.69            54                   61              135.79 MB       126.24 MB       

7220  ApplicationFrameHost.exe            DESKTOP-58THKLT\Devarshi  running    2026-02-11 21:00:27       0.00       0.34            2                    6               27.53 MB        9.63 MB         

7452  msedgewebview2.exe                  DESKTOP-58THKLT\Devarshi  running    2026-02-11 20:59:45       0.00       0.19            16                   4               15.40 MB        26.12 MB        

7460  svchost.exe                         DESKTOP-58THKLT\Devarshi  running    2026-02-11 20:59:04       0.00       0.21            2                    7               16.80 MB        3.33 MB         

7476  DataExchangeHost.exe                DESKTOP-58THKLT\Devarshi  running    2026-02-11 21:20:02       0.00       0.30            3                    5               23.80 MB        7.36 MB         

7508  svchost.exe                         DESKTOP-58THKLT\Devarshi  running    2026-02-11 20:59:02       0.00       0.37            9                    8               29.91 MB        7.86 MB         

7572  chrome.exe                          DESKTOP-58THKLT\Devarshi  running    2026-02-11 23:42:53       0.00       0.20            8                    6               15.85 MB        7.82 MB         

7728  WidgetService.exe                   DESKTOP-58THKLT\Devarshi  running    2026-02-11 20:59:05       0.00       0.25            5                    10              20.22 MB        4.64 MB         

7832  GitHubDesktop.exe                   DESKTOP-58THKLT\Devarshi  running    2026-02-11 21:23:07       0.00       1.42            26                   38              114.33 MB       96.76 MB        

7848  RuntimeBroker.exe                   DESKTOP-58THKLT\Devarshi  running    2026-02-11 20:59:03       0.00       0.68            15                   14              54.64 MB        17.55 MB        

7876  Code.exe                            DESKTOP-58THKLT\Devarshi  running    2026-02-11 21:24:25       0.00       1.25            27                   10              100.34 MB       110.96 MB       

8316  RuntimeBroker.exe                   DESKTOP-58THKLT\Devarshi  running    2026-02-11 21:12:59       0.00       0.24            1                    3               18.98 MB        7.39 MB         

8392  RuntimeBroker.exe                   DESKTOP-58THKLT\Devarshi  running    2026-02-11 20:59:09       0.00       0.46            38                   9               37.04 MB        12.05 MB        

8420  chrome.exe                          DESKTOP-58THKLT\Devarshi  running    2026-02-11 21:54:26       0.00       0.54            19                   22              43.59 MB        19.51 MB        

8592  chrome.exe                          DESKTOP-58THKLT\Devarshi  running    2026-02-11 21:02:23       0.00       0.41            10                   11              32.80 MB        19.81 MB        

8672  FortiTray.exe                       DESKTOP-58THKLT\Devarshi  running    2026-02-11 20:59:03       0.00       0.24            58                   5               19.20 MB        9.05 MB         

9056  svchost.exe                         DESKTOP-58THKLT\Devarshi  running    2026-02-11 20:59:00       0.00       0.44            4                    12              35.50 MB        8.98 MB         

9260  msedge.exe                          DESKTOP-58THKLT\Devarshi  running    2026-02-11 21:11:59       0.00       0.13            20                   21              10.25 MB        24.38 MB        

9836  svchost.exe                         DESKTOP-58THKLT\Devarshi  running    2026-02-11 20:59:00       0.00       0.08            2                    1               6.30 MB         1.23 MB         

9860  chrome.exe                          DESKTOP-58THKLT\Devarshi  running    2026-02-11 21:01:03       0.00       0.10            8                    1               8.23 MB         6.67 MB         

9892  GitHubDesktop.exe                   DESKTOP-58THKLT\Devarshi  running    2026-02-11 21:23:07       0.00       0.88            17                   5               70.81 MB        43.53 MB        

10364 RuntimeBroker.exe                   DESKTOP-58THKLT\Devarshi  running    2026-02-11 20:59:33       0.00       0.14            2                    1               11.07 MB        2.27 MB         

10488 Widgets.exe                         DESKTOP-58THKLT\Devarshi  running    2026-02-11 20:59:04       0.00       0.52            8                    14              42.18 MB        9.55 MB         

10564 Code.exe                            DESKTOP-58THKLT\Devarshi  running    2026-02-11 21:24:27       0.00       6.34            20                   15              510.93 MB       727.46 MB       

10600 msedge.exe                          DESKTOP-58THKLT\Devarshi  running    2026-02-11 21:12:03       0.00       0.15            15                   21              11.79 MB        21.72 MB        

10884 conhost.exe                         DESKTOP-58THKLT\Devarshi  running    2026-02-11 21:35:58       0.50       0.08            5                    1               6.77 MB         1.37 MB         

11020 msedge.exe                          DESKTOP-58THKLT\Devarshi  running    2026-02-11 21:12:03       0.00       0.15            15                   21              11.76 MB        22.72 MB        

11056 AnyDesk.exe                         DESKTOP-58THKLT\Devarshi  running    2026-02-11 20:59:42       0.00       0.41            9                    4               32.75 MB        29.43 MB        

11116 chrome.exe                          DESKTOP-58THKLT\Devarshi  running    2026-02-11 23:43:46       0.00       0.53            13                   22              43.01 MB        19.84 MB        

11220 msedge.exe                          DESKTOP-58THKLT\Devarshi  running    2026-02-11 21:11:58       0.00       0.52            20                   20              41.80 MB        16.95 MB        

11256 conhost.exe                         DESKTOP-58THKLT\Devarshi  running    2026-02-11 21:23:56       0.00       0.10            2                    2               8.18 MB         1.30 MB         

11596 msedgewebview2.exe                  DESKTOP-58THKLT\Devarshi  running    2026-02-11 20:59:44       0.00       0.90            50                   124             72.86 MB        46.44 MB        

11712 crashpad_handler.exe                DESKTOP-58THKLT\Devarshi  running    2026-02-11 21:00:27       0.00       0.08            6                    0               6.05 MB         1.36 MB         

11844 chrome.exe                          DESKTOP-58THKLT\Devarshi  running    2026-02-11 21:01:03       0.00       2.84            21                   5               228.64 MB       233.93 MB       

11928 RtkAudUService64.exe                DESKTOP-58THKLT\Devarshi  running    2026-02-11 20:59:21       0.00       0.12            7                    1               9.91 MB         2.23 MB         

12012 msedgewebview2.exe                  DESKTOP-58THKLT\Devarshi  running    2026-02-11 20:59:45       0.00       0.13            7                    1               10.11 MB        2.29 MB         

12072 chrome.exe                          DESKTOP-58THKLT\Devarshi  running    2026-02-11 21:18:50       0.00       1.35            20                   60              108.80 MB       136.79 MB       

12176 TextInputHost.exe                   DESKTOP-58THKLT\Devarshi  running    2026-02-11 20:59:13       0.00       1.76            50                   40              142.13 MB       117.97 MB       

12184 svchost.exe                         DESKTOP-58THKLT\Devarshi  running    2026-02-11 21:00:29       0.00       0.12            2                    2               9.33 MB         1.65 MB         

12324 SynTPEnh.exe                        DESKTOP-58THKLT\Devarshi  running    2026-02-11 20:58:59       1.70       0.25            7                    1               20.35 MB        6.25 MB         

12456 RuntimeBroker.exe                   DESKTOP-58THKLT\Devarshi  running    2026-02-11 21:04:06       0.00       0.18            2                    3               14.44 MB        2.46 MB         

12484 msedge.exe                          DESKTOP-58THKLT\Devarshi  running    2026-02-11 21:12:03       0.00       0.69            21                   22              55.88 MB        52.64 MB        

12556 dllhost.exe                         DESKTOP-58THKLT\Devarshi  running    2026-02-11 21:00:50       0.00       0.11            2                    1               8.61 MB         1.52 MB         

12592 taskhostw.exe                       DESKTOP-58THKLT\Devarshi  running    2026-02-11 20:59:00       0.00       0.25            6                    12              20.52 MB        7.93 MB         

12608 dllhost.exe                         DESKTOP-58THKLT\Devarshi  running    2026-02-11 20:59:07       0.00       0.20            7                    10              16.39 MB        5.90 MB         

12944 RuntimeBroker.exe                   DESKTOP-58THKLT\Devarshi  running    2026-02-11 20:59:40       0.00       0.20            2                    1               16.09 MB        2.86 MB         

13004 msedgewebview2.exe                  DESKTOP-58THKLT\Devarshi  running    2026-02-11 20:59:45       0.00       0.12            10                   12              9.91 MB         8.75 MB         

13216 svchost.exe                         DESKTOP-58THKLT\Devarshi  running    2026-02-11 21:01:00       0.00       0.27            3                    7               21.42 MB        5.34 MB         

13240 msedge.exe                          DESKTOP-58THKLT\Devarshi  running    2026-02-11 21:11:58       0.00       0.25            10                   17              19.84 MB        8.77 MB         

13420 chrome.exe                          DESKTOP-58THKLT\Devarshi  running    2026-02-11 21:02:23       0.40       0.27            11                   8               21.48 MB        13.17 MB        

13824 SecurityHealthSystray.exe           DESKTOP-58THKLT\Devarshi  running    2026-02-11 20:59:18       0.00       0.13            1                    2               10.27 MB        1.90 MB         

13940 msedge.exe                          DESKTOP-58THKLT\Devarshi  running    2026-02-11 21:12:04       0.00       0.69            29                   22              55.72 MB        45.06 MB        

13984 msedge.exe                          DESKTOP-58THKLT\Devarshi  running    2026-02-11 21:11:59       0.00       0.13            15                   21              10.68 MB        21.84 MB        

13988 msedge.exe                          DESKTOP-58THKLT\Devarshi  running    2026-02-11 21:12:06       0.00       0.15            15                   21              11.79 MB        21.75 MB        

14196 msedgewebview2.exe                  DESKTOP-58THKLT\Devarshi  running    2026-02-11 20:59:45       0.00       0.33            20                   20              26.39 MB        12.77 MB        

14200 OneDrive.Sync.Service.exe           DESKTOP-58THKLT\Devarshi  running    2026-02-11 20:59:27       0.00       0.57            18                   20              45.63 MB        41.21 MB        

14272 msedge.exe                          DESKTOP-58THKLT\Devarshi  running    2026-02-11 21:18:14       0.00       0.34            15                   8               27.69 MB        18.96 MB        

14316 powershell.exe                      DESKTOP-58THKLT\Devarshi  running    2026-02-11 21:24:26       0.00       0.92            9                    6               74.18 MB        55.37 MB        

14604 chrome.exe                          DESKTOP-58THKLT\Devarshi  running    2026-02-11 21:18:55       0.00       0.60            19                   22              48.73 MB        23.48 MB        

14744 ShellExperienceHost.exe             DESKTOP-58THKLT\Devarshi  stopped    2026-02-11 21:04:06       0.00       0.44            20                   7               35.62 MB        18.84 MB        

14952 chrome.exe                          DESKTOP-58THKLT\Devarshi  running    2026-02-11 23:44:38       0.20       0.63            16                   22              51.04 MB        22.44 MB        

15028 jucheck.exe                         DESKTOP-58THKLT\Devarshi  running    2026-02-11 21:04:44       0.00       0.20            5                    7               16.29 MB        3.27 MB         

15184 UserOOBEBroker.exe                  DESKTOP-58THKLT\Devarshi  running    2026-02-11 21:00:30       0.00       0.11            1                    3               9.06 MB         2.06 MB         

15304 SearchHost.exe                      DESKTOP-58THKLT\Devarshi  stopped    2026-02-11 20:59:03       0.00       1.15            67                   33              92.49 MB        130.50 MB       

15452 msedge.exe                          DESKTOP-58THKLT\Devarshi  running    2026-02-11 21:12:07       0.00       0.70            29                   22              56.50 MB        44.92 MB        

15504 svchost.exe                         DESKTOP-58THKLT\Devarshi  running    2026-02-11 20:59:10       0.00       0.13            1                    2               10.75 MB        2.00 MB         

15696 jusched.exe                         DESKTOP-58THKLT\Devarshi  running    2026-02-11 20:59:43       0.00       0.24            2                    8               19.60 MB        3.07 MB         

15944 conhost.exe                         DESKTOP-58THKLT\Devarshi  running    2026-02-11 21:24:25       0.00       0.08            5                    1               6.40 MB         1.24 MB         

15996 explorer.exe                        DESKTOP-58THKLT\Devarshi  running    2026-02-11 20:59:01       0.00       2.83            87                   66              228.34 MB       154.11 MB       

16000 GitHubDesktop.exe                   DESKTOP-58THKLT\Devarshi  running    2026-02-11 21:23:07       0.00       0.61            19                   16              49.30 MB        13.60 MB        

16304 igfxEM.exe                          DESKTOP-58THKLT\Devarshi  running    2026-02-11 20:59:00       0.00       0.29            6                    5               23.03 MB        6.10 MB         

16416 msedge.exe                          DESKTOP-58THKLT\Devarshi  running    2026-02-11 21:11:58       0.00       0.13            7                    1               10.12 MB        2.29 MB         

16456 chrome.exe                          DESKTOP-58THKLT\Devarshi  running    2026-02-11 23:43:44       0.00       0.63            13                   22              50.93 MB        22.57 MB        

16584 Code.exe                            DESKTOP-58THKLT\Devarshi  running    2026-02-11 21:24:18       0.00       0.39            7                    2               31.29 MB        10.44 MB        

16664 LocationNotificationWindows.exe     DESKTOP-58THKLT\Devarshi  running    2026-02-11 20:59:14       0.00       0.08            1                    3               6.70 MB         1.85 MB         

16776 svchost.exe                         DESKTOP-58THKLT\Devarshi  running    2026-02-11 21:11:56       0.00       0.12            1                    2               9.47 MB         1.69 MB         

17020 msedge.exe                          DESKTOP-58THKLT\Devarshi  running    2026-02-11 21:12:00       0.00       0.90            21                   22              72.13 MB        47.51 MB        

17272 YourPhoneAppProxy.exe               DESKTOP-58THKLT\Devarshi  running    2026-02-11 20:59:39       0.00       0.82            11                   76              66.25 MB        32.79 MB        

17384 chrome.exe                          DESKTOP-58THKLT\Devarshi  running    2026-02-11 23:43:49       0.50       2.08            20                   46              167.37 MB       96.24 MB        

17480 msedge.exe                          DESKTOP-58THKLT\Devarshi  running    2026-02-11 21:12:59       0.00       0.30            9                    7               24.22 MB        9.55 MB         

17492 msedge.exe                          DESKTOP-58THKLT\Devarshi  running    2026-02-11 21:12:00       0.00       0.70            21                   22              56.56 MB        45.34 MB        

17544 conhost.exe                         DESKTOP-58THKLT\Devarshi  running    2026-02-11 21:24:24       0.00       0.08            2                    1               6.39 MB         5.27 MB         

17740 chrome.exe                          DESKTOP-58THKLT\Devarshi  running    2026-02-11 23:44:33       0.00       0.57            13                   22              45.82 MB        18.49 MB        

17760 chrome.exe                          DESKTOP-58THKLT\Devarshi  running    2026-02-11 23:43:47       0.00       0.60            18                   22              48.29 MB        19.67 MB        

17888 msedgewebview2.exe                  DESKTOP-58THKLT\Devarshi  running    2026-02-11 20:59:47       0.00       1.20            22                   33              97.02 MB        91.75 MB        

18048 chrome.exe                          DESKTOP-58THKLT\Devarshi  running    2026-02-11 21:01:03       0.30       0.81            22                   22              65.40 MB        38.86 MB        

18068 nearby_share.exe                    DESKTOP-58THKLT\Devarshi  running    2026-02-11 21:00:27       0.00       0.74            141                  15              59.92 MB        89.06 MB        

18156 msedge.exe                          DESKTOP-58THKLT\Devarshi  running    2026-02-11 21:11:58       0.00       2.30            57                   144             185.29 MB       95.40 MB        

18172 chrome.exe                          DESKTOP-58THKLT\Devarshi  running    2026-02-11 21:03:28       0.10       0.98            33                   22              78.61 MB        684.33 MB       

18236 sihost.exe                          DESKTOP-58THKLT\Devarshi  running    2026-02-11 20:59:00       0.00       0.42            11                   2               34.17 MB        6.91 MB         

18304 chrome.exe                          DESKTOP-58THKLT\Devarshi  running    2026-02-11 21:01:03       0.00       0.24            11                   18              19.13 MB        11.22 MB        

18324 msedge.exe                          DESKTOP-58THKLT\Devarshi  running    2026-02-11 21:11:58       0.10       0.95            20                   4               76.50 MB        80.18 MB        

18356 PhoneExperienceHost.exe             DESKTOP-58THKLT\Devarshi  running    2026-02-11 20:59:36       0.10       1.10            20                   239             88.56 MB        84.23 MB        

18604 Code.exe                            DESKTOP-58THKLT\Devarshi  running    2026-02-11 21:24:19       0.00       1.15            26                   9               92.42 MB        90.34 MB        

18636 Code.exe                            DESKTOP-58THKLT\Devarshi  running    2026-02-11 21:24:19       0.00       1.01            23                   8               81.70 MB        103.74 MB       

18796 Code.exe                            DESKTOP-58THKLT\Devarshi  running    2026-02-11 21:24:18       0.30       4.68            19                   48              377.21 MB       382.62 MB       

18964 Code.exe                            DESKTOP-58THKLT\Devarshi  running    2026-02-11 21:24:18       0.00       1.43            17                   5               115.57 MB       88.72 MB        

19064 Code.exe                            DESKTOP-58THKLT\Devarshi  running    2026-02-11 21:24:20       0.00       3.25            26                   21              262.05 MB       398.74 MB       

19184 Code.exe                            DESKTOP-58THKLT\Devarshi  running    2026-02-11 21:24:18       0.00       0.59            19                   17              47.57 MB        14.41 MB        

19500 chrome.exe                          DESKTOP-58THKLT\Devarshi  running    2026-02-11 23:43:22       0.00       2.27            21                   43              182.91 MB       117.82 MB       

19708 chrome.exe                          DESKTOP-58THKLT\Devarshi  running    2026-02-11 21:51:45       1.70       3.41            22                   42              274.89 MB       214.56 MB       

19868 CodeSetup-stable-591199df409fbf59b4b52d5ad4ee0470152a9b31.exe DESKTOP-58THKLT\Devarshi  running    2026-02-11 22:02:06       0.00       0.13            1                    19              10.84 MB        7.14 MB         

20452 chrome.exe                          DESKTOP-58THKLT\Devarshi  running    2026-02-11 23:44:38       0.00       0.55            14                   22              44.25 MB        19.55 MB        

20660 chrome.exe                          DESKTOP-58THKLT\Devarshi  running    2026-02-11 23:44:33       0.00       0.82            20                   22              66.41 MB        33.80 MB        

20784 python3.13.exe                      DESKTOP-58THKLT\Devarshi  running    2026-02-11 23:40:18       53.70      0.31            6                    3               25.25 MB        13.00 MB        

21248 chrome.exe                          DESKTOP-58THKLT\Devarshi  running    2026-02-11 23:42:53       0.00       0.57            13                   22              46.09 MB        18.82 MB        

21384 chrome.exe                          DESKTOP-58THKLT\Devarshi  running    2026-02-11 21:54:23       0.00       1.31            21                   34              105.43 MB       62.96 MB        

--------------------------------------------------------------------------------------------------------------------------------------------------------------------------------------------------------

SUMMARY
--------------------------------------------------------------------------------------------------------------------------------------------------------------------------------------------------------

TOTAL PROCESSES : 131
--------------------------------------------------------------------------------------------------------------------------------------------------------------------------------------------------------

TOP 10 CPU CONSUMING PROCESS
--------------------------------------------------------------------------------------------------------------------------------------------------------------------------------------------------------

0     System Idle Process                 NT AUTHORITY\SYSTEM       running    1970-01-01 05:30:00       676.40     0.00            16                   0               0.01 MB         0.06 MB         

20784 python3.13.exe                      DESKTOP-58THKLT\Devarshi  running    2026-02-11 23:40:18       53.70      0.31            6                    3               25.25 MB        13.00 MB        

12324 SynTPEnh.exe                        DESKTOP-58THKLT\Devarshi  running    2026-02-11 20:58:59       1.70       0.25            7                    1               20.35 MB        6.25 MB         

19708 chrome.exe                          DESKTOP-58THKLT\Devarshi  running    2026-02-11 21:51:45       1.70       3.41            22                   42              274.89 MB       214.56 MB       

6972  msedge.exe                          DESKTOP-58THKLT\Devarshi  running    2026-02-11 21:11:59       1.00       1.37            20                   33              110.00 MB       81.76 MB        

10884 conhost.exe                         DESKTOP-58THKLT\Devarshi  running    2026-02-11 21:35:58       0.50       0.08            5                    1               6.77 MB         1.37 MB         

17384 chrome.exe                          DESKTOP-58THKLT\Devarshi  running    2026-02-11 23:43:49       0.50       2.08            20                   46              167.37 MB       96.24 MB        

13420 chrome.exe                          DESKTOP-58THKLT\Devarshi  running    2026-02-11 21:02:23       0.40       0.27            11                   8               21.48 MB        13.17 MB        

18048 chrome.exe                          DESKTOP-58THKLT\Devarshi  running    2026-02-11 21:01:03       0.30       0.81            22                   22              65.40 MB        38.86 MB        

18796 Code.exe                            DESKTOP-58THKLT\Devarshi  running    2026-02-11 21:24:18       0.30       4.68            19                   48              377.21 MB       382.62 MB       

--------------------------------------------------------------------------------------------------------------------------------------------------------------------------------------------------------

TOP 10 MEMORY CONSUMING PROCESS
--------------------------------------------------------------------------------------------------------------------------------------------------------------------------------------------------------

10564 Code.exe                            DESKTOP-58THKLT\Devarshi  running    2026-02-11 21:24:27       0.00       6.34            20                   15              510.93 MB       727.46 MB       

18796 Code.exe                            DESKTOP-58THKLT\Devarshi  running    2026-02-11 21:24:18       0.30       4.68            19                   48              377.21 MB       382.62 MB       

5444  chrome.exe                          DESKTOP-58THKLT\Devarshi  running    2026-02-11 21:29:01       0.00       3.62            23                   61              291.59 MB       257.90 MB       

19708 chrome.exe                          DESKTOP-58THKLT\Devarshi  running    2026-02-11 21:51:45       1.70       3.41            22                   42              274.89 MB       214.56 MB       

19064 Code.exe                            DESKTOP-58THKLT\Devarshi  running    2026-02-11 21:24:20       0.00       3.25            26                   21              262.05 MB       398.74 MB       

5840  chrome.exe                          DESKTOP-58THKLT\Devarshi  running    2026-02-11 21:01:02       0.00       2.91            46                   178             234.26 MB       124.26 MB       

11844 chrome.exe                          DESKTOP-58THKLT\Devarshi  running    2026-02-11 21:01:03       0.00       2.84            21                   5               228.64 MB       233.93 MB       

15996 explorer.exe                        DESKTOP-58THKLT\Devarshi  running    2026-02-11 20:59:01       0.00       2.83            87                   66              228.34 MB       154.11 MB       

18156 msedge.exe                          DESKTOP-58THKLT\Devarshi  running    2026-02-11 21:11:58       0.00       2.30            57                   144             185.29 MB       95.40 MB        

19500 chrome.exe                          DESKTOP-58THKLT\Devarshi  running    2026-02-11 23:43:22       0.00       2.27            21                   43              182.91 MB       117.82 MB       

--------------------------------------------------------------------------------------------------------------------------------------------------------------------------------------------------------

TOP 10 THREAD CONSUMING PROCESS
--------------------------------------------------------------------------------------------------------------------------------------------------------------------------------------------------------

4     System                              NT AUTHORITY\SYSTEM       running    1970-01-01 05:30:00       0.00       0.07            265                  0               5.91 MB         0.06 MB         

18068 nearby_share.exe                    DESKTOP-58THKLT\Devarshi  running    2026-02-11 21:00:27       0.00       0.74            141                  15              59.92 MB        89.06 MB        

15996 explorer.exe                        DESKTOP-58THKLT\Devarshi  running    2026-02-11 20:59:01       0.00       2.83            87                   66              228.34 MB       154.11 MB       

15304 SearchHost.exe                      DESKTOP-58THKLT\Devarshi  stopped    2026-02-11 20:59:03       0.00       1.15            67                   33              92.49 MB        130.50 MB       

8672  FortiTray.exe                       DESKTOP-58THKLT\Devarshi  running    2026-02-11 20:59:03       0.00       0.24            58                   5               19.20 MB        9.05 MB         

18156 msedge.exe                          DESKTOP-58THKLT\Devarshi  running    2026-02-11 21:11:58       0.00       2.30            57                   144             185.29 MB       95.40 MB        

7180  Code.exe                            DESKTOP-58THKLT\Devarshi  running    2026-02-11 21:24:17       0.00       1.69            54                   61              135.79 MB       126.24 MB       

12176 TextInputHost.exe                   DESKTOP-58THKLT\Devarshi  running    2026-02-11 20:59:13       0.00       1.76            50                   40              142.13 MB       117.97 MB       

11596 msedgewebview2.exe                  DESKTOP-58THKLT\Devarshi  running    2026-02-11 20:59:44       0.00       0.90            50                   124             72.86 MB        46.44 MB        

3320  SystemSettings.exe                  DESKTOP-58THKLT\Devarshi  stopped    2026-02-11 21:00:27       0.00       0.04            50                   21              3.32 MB         171.09 MB       

--------------------------------------------------------------------------------------------------------------------------------------------------------------------------------------------------------

TOP 10 OPEN FILES PROCESS
--------------------------------------------------------------------------------------------------------------------------------------------------------------------------------------------------------

18356 PhoneExperienceHost.exe             DESKTOP-58THKLT\Devarshi  running    2026-02-11 20:59:36       0.10       1.10            20                   239             88.56 MB        84.23 MB        

5840  chrome.exe                          DESKTOP-58THKLT\Devarshi  running    2026-02-11 21:01:02       0.00       2.91            46                   178             234.26 MB       124.26 MB       

2224  CrossDeviceService.exe              DESKTOP-58THKLT\Devarshi  running    2026-02-11 20:59:31       0.00       1.13            15                   162             90.86 MB        32.62 MB        

18156 msedge.exe                          DESKTOP-58THKLT\Devarshi  running    2026-02-11 21:11:58       0.00       2.30            57                   144             185.29 MB       95.40 MB        

11596 msedgewebview2.exe                  DESKTOP-58THKLT\Devarshi  running    2026-02-11 20:59:44       0.00       0.90            50                   124             72.86 MB        46.44 MB        

3440  WhatsApp.Root.exe                   DESKTOP-58THKLT\Devarshi  running    2026-02-11 20:59:41       0.00       1.53            35                   115             123.55 MB       63.61 MB        

17272 YourPhoneAppProxy.exe               DESKTOP-58THKLT\Devarshi  running    2026-02-11 20:59:39       0.00       0.82            11                   76              66.25 MB        32.79 MB        

15996 explorer.exe                        DESKTOP-58THKLT\Devarshi  running    2026-02-11 20:59:01       0.00       2.83            87                   66              228.34 MB       154.11 MB       

7180  Code.exe                            DESKTOP-58THKLT\Devarshi  running    2026-02-11 21:24:17       0.00       1.69            54                   61              135.79 MB       126.24 MB       

5444  chrome.exe                          DESKTOP-58THKLT\Devarshi  running    2026-02-11 21:29:01       0.00       3.62            23                   61              291.59 MB       257.90 MB       

--------------------------------------------------------------------------------------------------------------------------------------------------------------------------------------------------------

------------------ End of Log File ---------------
--------------------------------------------------
