--------------------------------------------------
----- Marvellous Platform Surviellance System ----
Log created at : Wed Feb 11 23:37:55 2026
--------------------------------------------------

------------------ System Report -----------------
CPU Usage : 12.5 %
--------------------------------------------------
RAM Usage : 81.3 %
--------------------------------------------------
Disk Usage Report
C:\ -> 56.9 %
--------------------------------------------------
Network Usage Report
Sent : 77.74 MB
Received : 671.91 MB
--------------------------------------------------
------------------------------------------------------------------------------------------------------------------------------------

PID   NAME                                USERNAME                  STATUS     CREATE TIME               CPU PERCENT MEMORY PERCENT  THREADS RUNNING      OPEN FILES      RSS             VMS             

--------------------------------------------------------------------------------------------------------------------------------------------------------------------------------------------------------

0     System Idle Process                 NT AUTHORITY\SYSTEM       running    1970-01-01 05:30:00       705.00     0.00            16                   0               0.01 MB         0.06 MB         

4     System                              NT AUTHORITY\SYSTEM       running    1970-01-01 05:30:00       0.00       0.07            244                  0               5.90 MB         0.06 MB         

1196  RuntimeBroker.exe                   DESKTOP-58THKLT\Devarshi  running    2026-02-11 20:59:03       0.00       0.47            7                    10              38.20 MB        10.17 MB        

1712  LockApp.exe                         DESKTOP-58THKLT\Devarshi  stopped    2026-02-11 20:59:09       0.00       0.81            12                   8               65.01 MB        19.86 MB        

2224  CrossDeviceService.exe              DESKTOP-58THKLT\Devarshi  running    2026-02-11 20:59:31       0.00       1.13            14                   162             90.74 MB        32.59 MB        

2636  OpenConsole.exe                     DESKTOP-58THKLT\Devarshi  running    2026-02-11 21:23:56       0.00       0.13            3                    1               10.84 MB        2.36 MB         

2864  StartMenuExperienceHost.exe         DESKTOP-58THKLT\Devarshi  running    2026-02-11 20:59:03       0.00       1.29            11                   18              103.69 MB       53.58 MB        

3320  SystemSettings.exe                  DESKTOP-58THKLT\Devarshi  stopped    2026-02-11 21:00:27       0.00       0.04            50                   21              3.32 MB         171.09 MB       

3440  WhatsApp.Root.exe                   DESKTOP-58THKLT\Devarshi  running    2026-02-11 20:59:41       0.00       1.55            34                   115             124.80 MB       64.55 MB        

3668  msedge.exe                          DESKTOP-58THKLT\Devarshi  running    2026-02-11 21:18:14       0.00       0.72            21                   22              58.20 MB        38.56 MB        

3728  pet.exe                             DESKTOP-58THKLT\Devarshi  running    2026-02-11 21:24:24       0.00       0.14            1                    6               11.48 MB        3.29 MB         

3888  RuntimeBroker.exe                   DESKTOP-58THKLT\Devarshi  running    2026-02-11 20:59:43       0.00       0.13            1                    1               10.57 MB        2.08 MB         

4112  CodeSetup-stable-591199df409fbf59b4b52d5ad4ee0470152a9b31.tmp DESKTOP-58THKLT\Devarshi  running    2026-02-11 22:02:06       0.00       0.49            1                    9               39.72 MB        26.19 MB        

4140  chrome.exe                          DESKTOP-58THKLT\Devarshi  running    2026-02-11 21:01:04       0.00       0.63            17                   22              50.91 MB        25.17 MB        

4880  GitHubDesktop.exe                   DESKTOP-58THKLT\Devarshi  running    2026-02-11 21:23:06       0.00       1.08            43                   43              86.73 MB        77.45 MB        

5444  chrome.exe                          DESKTOP-58THKLT\Devarshi  running    2026-02-11 21:29:01       0.00       3.49            23                   61              281.07 MB       246.86 MB       

5840  chrome.exe                          DESKTOP-58THKLT\Devarshi  running    2026-02-11 21:01:02       0.00       2.61            46                   176             210.35 MB       114.42 MB       

6020  PanGPA.exe                          DESKTOP-58THKLT\Devarshi  running    2026-02-11 20:59:21       0.00       0.56            7                    13              45.30 MB        9.63 MB         

6716  msedge.exe                          DESKTOP-58THKLT\Devarshi  running    2026-02-11 21:11:59       0.00       0.19            20                   21              15.30 MB        22.08 MB        

6908  powershell.exe                      DESKTOP-58THKLT\Devarshi  running    2026-02-11 21:35:58       0.00       1.01            14                   8               81.40 MB        56.71 MB        

6972  msedge.exe                          DESKTOP-58THKLT\Devarshi  running    2026-02-11 21:11:59       2.00       1.38            20                   33              110.82 MB       82.39 MB        

7000  svchost.exe                         DESKTOP-58THKLT\Devarshi  running    2026-02-11 20:59:00       0.00       0.41            7                    13              32.81 MB        11.94 MB        

7180  Code.exe                            DESKTOP-58THKLT\Devarshi  running    2026-02-11 21:24:17       0.50       1.67            53                   61              134.75 MB       124.57 MB       

7220  ApplicationFrameHost.exe            DESKTOP-58THKLT\Devarshi  running    2026-02-11 21:00:27       0.00       0.34            2                    6               27.53 MB        9.63 MB         

7452  msedgewebview2.exe                  DESKTOP-58THKLT\Devarshi  running    2026-02-11 20:59:45       0.00       0.19            16                   4               15.40 MB        26.12 MB        

7460  svchost.exe                         DESKTOP-58THKLT\Devarshi  running    2026-02-11 20:59:04       0.00       0.21            1                    7               16.79 MB        3.28 MB         

7476  DataExchangeHost.exe                DESKTOP-58THKLT\Devarshi  running    2026-02-11 21:20:02       0.00       0.30            4                    5               23.80 MB        7.39 MB         

7508  svchost.exe                         DESKTOP-58THKLT\Devarshi  running    2026-02-11 20:59:02       0.00       0.37            11                   8               29.94 MB        7.96 MB         

7728  WidgetService.exe                   DESKTOP-58THKLT\Devarshi  running    2026-02-11 20:59:05       0.00       0.25            4                    10              20.21 MB        4.61 MB         

7832  GitHubDesktop.exe                   DESKTOP-58THKLT\Devarshi  running    2026-02-11 21:23:07       0.00       1.42            26                   38              114.25 MB       96.50 MB        

7848  RuntimeBroker.exe                   DESKTOP-58THKLT\Devarshi  running    2026-02-11 20:59:03       0.00       0.68            15                   14              54.58 MB        17.55 MB        

7876  Code.exe                            DESKTOP-58THKLT\Devarshi  running    2026-02-11 21:24:25       0.00       1.24            29                   10              99.86 MB        110.52 MB       

8316  RuntimeBroker.exe                   DESKTOP-58THKLT\Devarshi  running    2026-02-11 21:12:59       0.00       0.24            2                    3               18.99 MB        7.46 MB         

8392  RuntimeBroker.exe                   DESKTOP-58THKLT\Devarshi  running    2026-02-11 20:59:09       0.00       0.46            38                   9               37.02 MB        12.05 MB        

8420  chrome.exe                          DESKTOP-58THKLT\Devarshi  running    2026-02-11 21:54:26       0.00       0.54            19                   22              43.62 MB        19.51 MB        

8592  chrome.exe                          DESKTOP-58THKLT\Devarshi  running    2026-02-11 21:02:23       0.00       0.41            10                   11              32.82 MB        19.81 MB        

8672  FortiTray.exe                       DESKTOP-58THKLT\Devarshi  running    2026-02-11 20:59:03       0.20       0.24            58                   5               19.20 MB        9.05 MB         

9056  svchost.exe                         DESKTOP-58THKLT\Devarshi  running    2026-02-11 20:59:00       0.00       0.44            3                    12              35.36 MB        8.87 MB         

9260  msedge.exe                          DESKTOP-58THKLT\Devarshi  running    2026-02-11 21:11:59       0.00       0.13            20                   21              10.25 MB        24.38 MB        

9836  svchost.exe                         DESKTOP-58THKLT\Devarshi  running    2026-02-11 20:59:00       0.00       0.08            2                    1               6.30 MB         1.23 MB         

9860  chrome.exe                          DESKTOP-58THKLT\Devarshi  running    2026-02-11 21:01:03       0.00       0.10            7                    1               8.16 MB         6.64 MB         

9892  GitHubDesktop.exe                   DESKTOP-58THKLT\Devarshi  running    2026-02-11 21:23:07       0.00       0.98            17                   5               79.10 MB        51.92 MB        

10364 RuntimeBroker.exe                   DESKTOP-58THKLT\Devarshi  running    2026-02-11 20:59:33       0.00       0.14            1                    1               11.05 MB        2.20 MB         

10488 Widgets.exe                         DESKTOP-58THKLT\Devarshi  running    2026-02-11 20:59:04       0.00       0.47            8                    14              38.27 MB        8.91 MB         

10564 Code.exe                            DESKTOP-58THKLT\Devarshi  running    2026-02-11 21:24:27       0.20       6.46            17                   15              520.80 MB       738.89 MB       

10600 msedge.exe                          DESKTOP-58THKLT\Devarshi  running    2026-02-11 21:12:03       0.00       0.15            15                   21              11.82 MB        21.72 MB        

10884 conhost.exe                         DESKTOP-58THKLT\Devarshi  running    2026-02-11 21:35:58       0.20       0.08            5                    1               6.81 MB         1.35 MB         

11020 msedge.exe                          DESKTOP-58THKLT\Devarshi  running    2026-02-11 21:12:03       0.00       0.15            15                   21              11.76 MB        22.72 MB        

11056 AnyDesk.exe                         DESKTOP-58THKLT\Devarshi  running    2026-02-11 20:59:42       0.00       0.41            9                    4               32.75 MB        29.43 MB        

11220 msedge.exe                          DESKTOP-58THKLT\Devarshi  running    2026-02-11 21:11:58       0.00       0.52            21                   20              41.90 MB        17.07 MB        

11256 conhost.exe                         DESKTOP-58THKLT\Devarshi  running    2026-02-11 21:23:56       0.00       0.10            2                    2               8.18 MB         1.30 MB         

11596 msedgewebview2.exe                  DESKTOP-58THKLT\Devarshi  running    2026-02-11 20:59:44       0.00       0.90            50                   124             72.79 MB        46.38 MB        

11712 crashpad_handler.exe                DESKTOP-58THKLT\Devarshi  running    2026-02-11 21:00:27       0.00       0.08            6                    0               6.12 MB         1.36 MB         

11844 chrome.exe                          DESKTOP-58THKLT\Devarshi  running    2026-02-11 21:01:03       0.00       1.65            20                   5               132.88 MB       146.62 MB       

11928 RtkAudUService64.exe                DESKTOP-58THKLT\Devarshi  running    2026-02-11 20:59:21       0.00       0.12            7                    1               9.92 MB         2.23 MB         

12012 msedgewebview2.exe                  DESKTOP-58THKLT\Devarshi  running    2026-02-11 20:59:45       0.00       0.13            8                    1               10.12 MB        2.32 MB         

12072 chrome.exe                          DESKTOP-58THKLT\Devarshi  running    2026-02-11 21:18:50       0.00       1.31            20                   60              105.40 MB       137.86 MB       

12176 TextInputHost.exe                   DESKTOP-58THKLT\Devarshi  running    2026-02-11 20:59:13       0.00       1.67            47                   40              134.96 MB       117.91 MB       

12184 svchost.exe                         DESKTOP-58THKLT\Devarshi  running    2026-02-11 21:00:29       0.00       0.12            2                    2               9.34 MB         1.65 MB         

12324 SynTPEnh.exe                        DESKTOP-58THKLT\Devarshi  running    2026-02-11 20:58:59       0.30       0.25            7                    1               20.34 MB        6.25 MB         

12456 RuntimeBroker.exe                   DESKTOP-58THKLT\Devarshi  running    2026-02-11 21:04:06       0.00       0.18            2                    3               14.44 MB        2.46 MB         

12484 msedge.exe                          DESKTOP-58THKLT\Devarshi  running    2026-02-11 21:12:03       0.00       0.69            21                   22              55.89 MB        52.64 MB        

12556 dllhost.exe                         DESKTOP-58THKLT\Devarshi  running    2026-02-11 21:00:50       0.00       0.11            2                    1               8.61 MB         1.52 MB         

12592 taskhostw.exe                       DESKTOP-58THKLT\Devarshi  running    2026-02-11 20:59:00       0.00       0.25            8                    12              20.42 MB        7.95 MB         

12608 dllhost.exe                         DESKTOP-58THKLT\Devarshi  running    2026-02-11 20:59:07       0.00       0.20            7                    10              16.44 MB        5.90 MB         

12944 RuntimeBroker.exe                   DESKTOP-58THKLT\Devarshi  running    2026-02-11 20:59:40       0.00       0.20            1                    1               16.07 MB        2.79 MB         

13004 msedgewebview2.exe                  DESKTOP-58THKLT\Devarshi  running    2026-02-11 20:59:45       0.00       0.12            10                   12              9.90 MB         8.75 MB         

13216 svchost.exe                         DESKTOP-58THKLT\Devarshi  running    2026-02-11 21:01:00       0.00       0.27            3                    7               21.42 MB        5.34 MB         

13240 msedge.exe                          DESKTOP-58THKLT\Devarshi  running    2026-02-11 21:11:58       0.00       0.25            10                   17              19.86 MB        8.77 MB         

13420 chrome.exe                          DESKTOP-58THKLT\Devarshi  running    2026-02-11 21:02:23       0.30       0.27            11                   8               21.48 MB        13.17 MB        

13824 SecurityHealthSystray.exe           DESKTOP-58THKLT\Devarshi  running    2026-02-11 20:59:18       0.00       0.13            1                    2               10.27 MB        1.90 MB         

13940 msedge.exe                          DESKTOP-58THKLT\Devarshi  running    2026-02-11 21:12:04       0.00       0.69            29                   22              55.77 MB        45.06 MB        

13984 msedge.exe                          DESKTOP-58THKLT\Devarshi  running    2026-02-11 21:11:59       0.00       0.13            15                   21              10.68 MB        21.84 MB        

13988 msedge.exe                          DESKTOP-58THKLT\Devarshi  running    2026-02-11 21:12:06       0.00       0.15            15                   21              11.84 MB        21.75 MB        

14196 msedgewebview2.exe                  DESKTOP-58THKLT\Devarshi  running    2026-02-11 20:59:45       0.00       0.33            20                   20              26.39 MB        12.77 MB        

14200 OneDrive.Sync.Service.exe           DESKTOP-58THKLT\Devarshi  running    2026-02-11 20:59:27       0.00       0.57            18                   20              45.69 MB        41.21 MB        

14272 msedge.exe                          DESKTOP-58THKLT\Devarshi  running    2026-02-11 21:18:14       0.00       0.34            15                   8               27.70 MB        18.96 MB        

14316 powershell.exe                      DESKTOP-58THKLT\Devarshi  running    2026-02-11 21:24:26       0.00       0.92            9                    6               74.26 MB        55.37 MB        

14604 chrome.exe                          DESKTOP-58THKLT\Devarshi  running    2026-02-11 21:18:55       0.00       0.56            19                   22              45.36 MB        23.37 MB        

14744 ShellExperienceHost.exe             DESKTOP-58THKLT\Devarshi  stopped    2026-02-11 21:04:06       0.00       0.44            20                   7               35.62 MB        18.84 MB        

15028 jucheck.exe                         DESKTOP-58THKLT\Devarshi  running    2026-02-11 21:04:44       0.00       0.20            5                    7               16.30 MB        3.27 MB         

15184 UserOOBEBroker.exe                  DESKTOP-58THKLT\Devarshi  running    2026-02-11 21:00:30       0.00       0.11            1                    3               9.06 MB         2.06 MB         

15304 SearchHost.exe                      DESKTOP-58THKLT\Devarshi  stopped    2026-02-11 20:59:03       0.00       1.15            67                   33              92.49 MB        130.50 MB       

15452 msedge.exe                          DESKTOP-58THKLT\Devarshi  running    2026-02-11 21:12:07       0.00       0.70            29                   22              56.53 MB        44.92 MB        

15504 svchost.exe                         DESKTOP-58THKLT\Devarshi  running    2026-02-11 20:59:10       0.00       0.13            1                    2               10.74 MB        2.00 MB         

15696 jusched.exe                         DESKTOP-58THKLT\Devarshi  running    2026-02-11 20:59:43       0.00       0.24            2                    8               19.62 MB        3.07 MB         

15944 conhost.exe                         DESKTOP-58THKLT\Devarshi  running    2026-02-11 21:24:25       0.00       0.08            5                    1               6.41 MB         1.24 MB         

15996 explorer.exe                        DESKTOP-58THKLT\Devarshi  running    2026-02-11 20:59:01       0.30       2.83            85                   66              228.39 MB       153.50 MB       

16000 GitHubDesktop.exe                   DESKTOP-58THKLT\Devarshi  running    2026-02-11 21:23:07       0.00       0.61            19                   16              49.29 MB        13.59 MB        

16304 igfxEM.exe                          DESKTOP-58THKLT\Devarshi  running    2026-02-11 20:59:00       0.00       0.29            6                    5               23.03 MB        6.10 MB         

16416 msedge.exe                          DESKTOP-58THKLT\Devarshi  running    2026-02-11 21:11:58       0.00       0.13            7                    1               10.12 MB        2.29 MB         

16584 Code.exe                            DESKTOP-58THKLT\Devarshi  running    2026-02-11 21:24:18       0.00       0.39            7                    2               31.29 MB        10.44 MB        

16664 LocationNotificationWindows.exe     DESKTOP-58THKLT\Devarshi  running    2026-02-11 20:59:14       0.00       0.03            1                    3               2.26 MB         1.84 MB         

16776 svchost.exe                         DESKTOP-58THKLT\Devarshi  running    2026-02-11 21:11:56       0.00       0.12            1                    2               9.47 MB         1.69 MB         

17020 msedge.exe                          DESKTOP-58THKLT\Devarshi  running    2026-02-11 21:12:00       0.00       0.90            21                   22              72.13 MB        47.51 MB        

17272 YourPhoneAppProxy.exe               DESKTOP-58THKLT\Devarshi  running    2026-02-11 20:59:39       0.00       0.82            11                   76              65.70 MB        32.33 MB        

17480 msedge.exe                          DESKTOP-58THKLT\Devarshi  running    2026-02-11 21:12:59       0.00       0.30            10                   7               24.23 MB        9.58 MB         

17492 msedge.exe                          DESKTOP-58THKLT\Devarshi  running    2026-02-11 21:12:00       0.00       0.70            21                   22              56.56 MB        45.34 MB        

17544 conhost.exe                         DESKTOP-58THKLT\Devarshi  running    2026-02-11 21:24:24       0.00       0.08            2                    1               6.40 MB         5.27 MB         

17888 msedgewebview2.exe                  DESKTOP-58THKLT\Devarshi  running    2026-02-11 20:59:47       0.00       1.23            22                   33              99.07 MB        93.70 MB        

18048 chrome.exe                          DESKTOP-58THKLT\Devarshi  running    2026-02-11 21:01:03       0.00       0.75            21                   22              60.54 MB        34.61 MB        

18068 nearby_share.exe                    DESKTOP-58THKLT\Devarshi  running    2026-02-11 21:00:27       0.00       0.74            142                  15              59.95 MB        89.09 MB        

18156 msedge.exe                          DESKTOP-58THKLT\Devarshi  running    2026-02-11 21:11:58       0.00       2.32            60                   144             186.80 MB       97.20 MB        

18172 chrome.exe                          DESKTOP-58THKLT\Devarshi  running    2026-02-11 21:03:28       0.20       0.99            33                   22              79.45 MB        684.33 MB       

18236 sihost.exe                          DESKTOP-58THKLT\Devarshi  running    2026-02-11 20:59:00       0.00       0.42            11                   2               34.13 MB        6.95 MB         

18304 chrome.exe                          DESKTOP-58THKLT\Devarshi  running    2026-02-11 21:01:03       0.00       0.23            11                   17              18.66 MB        11.06 MB        

18324 msedge.exe                          DESKTOP-58THKLT\Devarshi  running    2026-02-11 21:11:58       0.20       0.98            20                   4               79.05 MB        83.77 MB        

18356 PhoneExperienceHost.exe             DESKTOP-58THKLT\Devarshi  running    2026-02-11 20:59:36       0.10       1.09            20                   239             87.92 MB        84.45 MB        

18604 Code.exe                            DESKTOP-58THKLT\Devarshi  running    2026-02-11 21:24:19       0.00       1.14            26                   9               91.54 MB        90.35 MB        

18636 Code.exe                            DESKTOP-58THKLT\Devarshi  running    2026-02-11 21:24:19       0.00       1.02            23                   8               81.86 MB        103.91 MB       

18796 Code.exe                            DESKTOP-58THKLT\Devarshi  running    2026-02-11 21:24:18       3.00       4.86            21                   48              391.27 MB       397.37 MB       

18964 Code.exe                            DESKTOP-58THKLT\Devarshi  running    2026-02-11 21:24:18       0.30       1.60            17                   5               129.18 MB       101.56 MB       

19064 Code.exe                            DESKTOP-58THKLT\Devarshi  running    2026-02-11 21:24:20       0.00       3.48            27                   21              280.54 MB       405.67 MB       

19184 Code.exe                            DESKTOP-58THKLT\Devarshi  running    2026-02-11 21:24:18       0.00       0.59            19                   17              47.73 MB        14.57 MB        

19708 chrome.exe                          DESKTOP-58THKLT\Devarshi  running    2026-02-11 21:51:45       0.00       1.63            20                   42              131.52 MB       84.27 MB        

19788 python3.13.exe                      DESKTOP-58THKLT\Devarshi  running    2026-02-11 23:37:55       55.40      0.31            8                    3               25.08 MB        13.15 MB        

19868 CodeSetup-stable-591199df409fbf59b4b52d5ad4ee0470152a9b31.exe DESKTOP-58THKLT\Devarshi  running    2026-02-11 22:02:06       0.00       0.14            1                    19              10.89 MB        7.14 MB         

21384 chrome.exe                          DESKTOP-58THKLT\Devarshi  running    2026-02-11 21:54:23       0.00       0.90            21                   34              72.77 MB        40.80 MB        

21476 chrome.exe                          DESKTOP-58THKLT\Devarshi  running    2026-02-11 21:54:28       0.00       0.31            14                   9               24.91 MB        15.94 MB        

--------------------------------------------------------------------------------------------------------------------------------------------------------------------------------------------------------

SUMMARY
--------------------------------------------------
